<?xml version="1.0" encoding="UTF-8"?>
<testng-results ignored="0" total="1" passed="1" failed="0" skipped="0">
  <reporter-output>
  </reporter-output>
  <suite started-at="2024-09-18T07:02:58Z" name="Default suite" finished-at="2024-09-18T07:07:16Z" duration-ms="257887">
    <groups>
    </groups>
    <test started-at="2024-09-18T07:02:58Z" name="Default test" finished-at="2024-09-18T07:07:16Z" duration-ms="257887">
      <class name="com.nit.as.AmazonSearch">
        <test-method signature="amazonSearch()[pri:0, instance:com.nit.as.AmazonSearch@792b749c]" started-at="2024-09-18T07:02:59Z" name="amazonSearch" finished-at="2024-09-18T07:07:16Z" duration-ms="257779" status="PASS">
          <reporter-output>
          </reporter-output>
        </test-method> <!-- amazonSearch -->
      </class> <!-- com.nit.as.AmazonSearch -->
    </test> <!-- Default test -->
  </suite> <!-- Default suite -->
</testng-results>
