<?xml version="1.0" encoding="UTF-8"?>
<testng-results ignored="0" total="1" passed="1" failed="0" skipped="0">
  <reporter-output>
  </reporter-output>
  <suite started-at="2024-10-16T12:09:56 IST" name="Default suite" finished-at="2024-10-16T12:10:14 IST" duration-ms="17525">
    <groups>
    </groups>
    <test started-at="2024-10-16T12:09:56 IST" name="Default test" finished-at="2024-10-16T12:10:14 IST" duration-ms="17525">
      <class name="com.nt.reqres.GetHttpReq">
        <test-method signature="getUserUsingPreConditions()[pri:2, instance:com.nt.reqres.GetHttpReq@402bba4f]" started-at="2024-10-16T12:09:57 IST" name="getUserUsingPreConditions" finished-at="2024-10-16T12:10:14 IST" duration-ms="17216" status="PASS">
          <reporter-output>
          </reporter-output>
        </test-method> <!-- getUserUsingPreConditions -->
      </class> <!-- com.nt.reqres.GetHttpReq -->
    </test> <!-- Default test -->
  </suite> <!-- Default suite -->
</testng-results>
