<?xml version="1.0" encoding="UTF-8"?>
<testng-results ignored="0" total="1" passed="1" failed="0" skipped="0">
  <reporter-output>
  </reporter-output>
  <suite started-at="2024-10-21T09:49:32Z" name="Default suite" finished-at="2024-10-21T09:50:15Z" duration-ms="42319">
    <groups>
    </groups>
    <test started-at="2024-10-21T09:49:32Z" name="Default test" finished-at="2024-10-21T09:50:15Z" duration-ms="42319">
      <class name="com.nit.dp.BrokenLinks">
        <test-method signature="brockenLinks()[pri:0, instance:com.nit.dp.BrokenLinks@5e2c3d18]" started-at="2024-10-21T15:19:32Z" name="brockenLinks" finished-at="2024-10-21T15:20:15Z" duration-ms="42284" status="PASS">
          <reporter-output>
          </reporter-output>
        </test-method> <!-- brockenLinks -->
      </class> <!-- com.nit.dp.BrokenLinks -->
    </test> <!-- Default test -->
  </suite> <!-- Default suite -->
</testng-results>
