<?xml version="1.0" encoding="UTF-8"?>
<testng-results ignored="0" total="1" passed="1" failed="0" skipped="0">
  <reporter-output>
  </reporter-output>
  <suite started-at="2024-09-06T06:09:21Z" name="MySuite" finished-at="2024-09-06T06:11:44Z" duration-ms="143923">
    <groups>
    </groups>
    <test started-at="2024-09-06T06:09:21Z" name="Test" finished-at="2024-09-06T06:11:44Z" duration-ms="143923">
      <class name="com.saucedemo.test.LoginSauce">
        <test-method signature="loginSauce()[pri:0, instance:com.saucedemo.test.LoginSauce@413d1baf]" started-at="2024-09-06T11:39:21Z" name="loginSauce" finished-at="2024-09-06T11:41:44Z" duration-ms="143500" status="PASS">
          <reporter-output>
          </reporter-output>
        </test-method> <!-- loginSauce -->
      </class> <!-- com.saucedemo.test.LoginSauce -->
    </test> <!-- Test -->
  </suite> <!-- MySuite -->
</testng-results>
